<?xml version="1.0" encoding="UTF-8"?>
<!-- Generated by org.testng.reporters.JUnitXMLReporter -->
<testsuite ignored="0" hostname="iBM-THINK" failures="0" tests="3" name="Default test" time="61.07" errors="0" timestamp="12 Dec 2018 19:06:42 GMT">
  <testcase classname="datadrivenbymukesh.FreeCrmTest" name="crmSignUp" time="9.236"/>
  <testcase classname="datadrivenbymukesh.FreeCrmTest" name="crmSignUp" time="7.408"/>
  <testcase classname="datadrivenbymukesh.FreeCrmTest" name="crmSignUp" time="6.688"/>
</testsuite> <!-- Default test -->
