<?xml version="1.0" encoding="UTF-8"?>
<!-- Generated by org.testng.reporters.JUnitXMLReporter -->
<testsuite ignored="0" hostname="iBM-THINK" failures="1" tests="3" name="Dependency Test" time="0.031" errors="0" timestamp="06 Nov 2018 14:57:03 GMT">
  <testcase classname="testNGlearning.TestCase3" name="doUserReg" time="0.0">
    <failure type="java.lang.AssertionError" message="User reg test faild as submit button is missing">
      <![CDATA[java.lang.AssertionError: User reg test faild as submit button is missing
at testNGlearning.TestCase3.doUserReg(TestCase3.java:48)
... Removed 26 stack frames]]>
    </failure>
  </testcase> <!-- doUserReg -->
  <testcase classname="testNGlearning.TestCase3" name="doLogin" time="0.0">
    <skipped/>
  </testcase> <!-- doLogin -->
  <testcase classname="testNGlearning.TestCase3" name="isSkip" time="0.0">
    <skipped/>
  </testcase> <!-- isSkip -->
</testsuite> <!-- Dependency Test -->
