<?xml version="1.0" encoding="UTF-8"?>
<!-- Generated by org.testng.reporters.JUnitXMLReporter -->
<testsuite ignored="0" hostname="iBM-THINK" failures="1" tests="1" name="Validate Title Test" time="0.0" errors="0" timestamp="06 Nov 2018 14:57:03 GMT">
  <testcase classname="testNGlearning.TestCase2" name="validateTitles" time="0.0">
    <failure type="junit.framework.ComparisonFailure" message="yahoo.com expected:&amp;lt;gmail.com&amp;gt; but was:&amp;lt;Title does not match&amp;gt;">
      <![CDATA[junit.framework.ComparisonFailure: yahoo.com expected:<gmail.com> but was:<Title does not match>
at junit.framework.Assert.assertEquals(Assert.java:81)
at testNGlearning.TestCase2.validateTitles(TestCase2.java:24)
... Removed 25 stack frames]]>
    </failure>
  </testcase> <!-- validateTitles -->
</testsuite> <!-- Validate Title Test -->
