<?xml version="1.0" encoding="UTF-8"?>
<testng-results ignored="0" total="3" passed="3" failed="0" skipped="0">
  <reporter-output>
  </reporter-output>
  <suite started-at="2018-12-12T19:05:40Z" name="Default suite" finished-at="2018-12-12T19:06:41Z" duration-ms="61070">
    <groups>
    </groups>
    <test started-at="2018-12-12T19:05:40Z" name="Default test" finished-at="2018-12-12T19:06:41Z" duration-ms="61070">
      <class name="datadrivenbymukesh.FreeCrmTest">
        <test-method is-config="true" signature="setUp()[pri:0, instance:datadrivenbymukesh.FreeCrmTest@568ff82]" started-at="2018-12-12T19:05:42Z" name="setUp" finished-at="2018-12-12T19:05:54Z" duration-ms="12447" status="PASS">
          <reporter-output>
          </reporter-output>
        </test-method> <!-- setUp -->
        <test-method signature="crmSignUp(java.lang.String, java.lang.String, java.lang.String, java.lang.String, java.lang.String, java.lang.String, java.lang.String)[pri:0, instance:datadrivenbymukesh.FreeCrmTest@568ff82]" started-at="2018-12-12T19:05:54Z" name="crmSignUp" data-provider="getData" finished-at="2018-12-12T19:06:03Z" duration-ms="9236" status="PASS">
          <params>
            <param index="0">
              <value>
                <![CDATA[Sahil]]>
              </value>
            </param>
            <param index="1">
              <value>
                <![CDATA[Gupta]]>
              </value>
            </param>
            <param index="2">
              <value>
                <![CDATA[Test@gmail.com]]>
              </value>
            </param>
            <param index="3">
              <value>
                <![CDATA[Test@gmail.com]]>
              </value>
            </param>
            <param index="4">
              <value>
                <![CDATA[Sahil16]]>
              </value>
            </param>
            <param index="5">
              <value>
                <![CDATA[1qaz!QAZ]]>
              </value>
            </param>
            <param index="6">
              <value>
                <![CDATA[1qaz!QAZ]]>
              </value>
            </param>
          </params>
          <reporter-output>
          </reporter-output>
        </test-method> <!-- crmSignUp -->
        <test-method is-config="true" signature="tearDown()[pri:0, instance:datadrivenbymukesh.FreeCrmTest@568ff82]" started-at="2018-12-12T19:06:03Z" name="tearDown" finished-at="2018-12-12T19:06:04Z" duration-ms="928" status="PASS">
          <reporter-output>
          </reporter-output>
        </test-method> <!-- tearDown -->
        <test-method is-config="true" signature="setUp()[pri:0, instance:datadrivenbymukesh.FreeCrmTest@568ff82]" started-at="2018-12-12T19:06:04Z" name="setUp" finished-at="2018-12-12T19:06:15Z" duration-ms="11038" status="PASS">
          <reporter-output>
          </reporter-output>
        </test-method> <!-- setUp -->
        <test-method signature="crmSignUp(java.lang.String, java.lang.String, java.lang.String, java.lang.String, java.lang.String, java.lang.String, java.lang.String)[pri:0, instance:datadrivenbymukesh.FreeCrmTest@568ff82]" started-at="2018-12-12T19:06:15Z" name="crmSignUp" data-provider="getData" finished-at="2018-12-12T19:06:23Z" duration-ms="7408" status="PASS">
          <params>
            <param index="0">
              <value>
                <![CDATA[Sahil]]>
              </value>
            </param>
            <param index="1">
              <value>
                <![CDATA[Gupta]]>
              </value>
            </param>
            <param index="2">
              <value>
                <![CDATA[Test@gmail.com]]>
              </value>
            </param>
            <param index="3">
              <value>
                <![CDATA[Test@gmail.com]]>
              </value>
            </param>
            <param index="4">
              <value>
                <![CDATA[Sahil15]]>
              </value>
            </param>
            <param index="5">
              <value>
                <![CDATA[1qaz!QAZ]]>
              </value>
            </param>
            <param index="6">
              <value>
                <![CDATA[1qaz!QAZ]]>
              </value>
            </param>
          </params>
          <reporter-output>
          </reporter-output>
        </test-method> <!-- crmSignUp -->
        <test-method is-config="true" signature="tearDown()[pri:0, instance:datadrivenbymukesh.FreeCrmTest@568ff82]" started-at="2018-12-12T19:06:23Z" name="tearDown" finished-at="2018-12-12T19:06:24Z" duration-ms="1290" status="PASS">
          <reporter-output>
          </reporter-output>
        </test-method> <!-- tearDown -->
        <test-method is-config="true" signature="setUp()[pri:0, instance:datadrivenbymukesh.FreeCrmTest@568ff82]" started-at="2018-12-12T19:06:24Z" name="setUp" finished-at="2018-12-12T19:06:34Z" duration-ms="9970" status="PASS">
          <reporter-output>
          </reporter-output>
        </test-method> <!-- setUp -->
        <test-method signature="crmSignUp(java.lang.String, java.lang.String, java.lang.String, java.lang.String, java.lang.String, java.lang.String, java.lang.String)[pri:0, instance:datadrivenbymukesh.FreeCrmTest@568ff82]" started-at="2018-12-12T19:06:34Z" name="crmSignUp" data-provider="getData" finished-at="2018-12-12T19:06:41Z" duration-ms="6688" status="PASS">
          <params>
            <param index="0">
              <value>
                <![CDATA[Sahil]]>
              </value>
            </param>
            <param index="1">
              <value>
                <![CDATA[Gupta]]>
              </value>
            </param>
            <param index="2">
              <value>
                <![CDATA[Test@gmail.com]]>
              </value>
            </param>
            <param index="3">
              <value>
                <![CDATA[Test@gmail.com]]>
              </value>
            </param>
            <param index="4">
              <value>
                <![CDATA[sahil14]]>
              </value>
            </param>
            <param index="5">
              <value>
                <![CDATA[1qaz!QAZ]]>
              </value>
            </param>
            <param index="6">
              <value>
                <![CDATA[1qaz!QAZ]]>
              </value>
            </param>
          </params>
          <reporter-output>
          </reporter-output>
        </test-method> <!-- crmSignUp -->
        <test-method is-config="true" signature="tearDown()[pri:0, instance:datadrivenbymukesh.FreeCrmTest@568ff82]" started-at="2018-12-12T19:06:41Z" name="tearDown" finished-at="2018-12-12T19:06:41Z" duration-ms="833" status="PASS">
          <reporter-output>
          </reporter-output>
        </test-method> <!-- tearDown -->
      </class> <!-- datadrivenbymukesh.FreeCrmTest -->
    </test> <!-- Default test -->
  </suite> <!-- Default suite -->
</testng-results>
